<?xml version="1.0" encoding="UTF-8"?>
<!-- Generated by org.testng.reporters.JUnitReportReporter -->
<testsuite skipped="0" hostname="DESKTOP-2IF0E66" name="tests.comapnies.CreateCompany" tests="4" failures="0" timestamp="25 May 2019 12:20:31 GMT" time="0.106" errors="0">
  <testcase name="CC_001_createCompany_Without_Address_Details" time="0.024" classname="tests.comapnies.CreateCompany"/>
  <testcase name="CC_002_createCompany_With_Address_Details" time="0.017" classname="tests.comapnies.CreateCompany"/>
  <testcase name="CC_001_createCompany_Without_Address_Details" time="0.058" classname="tests.comapnies.CreateCompany"/>
  <testcase name="CC_002_createCompany_With_Address_Details" time="0.007" classname="tests.comapnies.CreateCompany"/>
</testsuite> <!-- tests.comapnies.CreateCompany -->
